2023.02.06 16:08:18 INFO  tracing is disabled for protocol LSP, to enable tracing of incoming and outgoing JSON messages create an empty file at /Users/10018920/Learning/notes/.metals/lsp.trace.json or /Users/10018920/Library/Caches/org.scalameta.metals/lsp.trace.json[0m
2023.02.06 16:08:18 INFO  logging to file /Users/10018920/Learning/notes/.metals/metals.log[0m
2023.02.06 16:08:18 INFO  Started: Metals version 0.11.10 in workspace '/Users/10018920/Learning/notes' for client Visual Studio Code 1.75.0.[0m
SLF4J: No SLF4J providers were found.
SLF4J: Defaulting to no-operation (NOP) logger implementation
SLF4J: See https://www.slf4j.org/codes.html#noProviders for further details.
SLF4J: Class path contains SLF4J bindings targeting slf4j-api versions 1.7.x or earlier.
SLF4J: Ignoring binding found at [jar:file:/Users/10018920/Library/Caches/Coursier/v1/https/repo1.maven.org/maven2/com/outr/scribe-slf4j_2.13/3.10.5/scribe-slf4j_2.13-3.10.5.jar!/org/slf4j/impl/StaticLoggerBinder.class]
SLF4J: See https://www.slf4j.org/codes.html#ignoredBindings for an explanation.
2023.02.06 16:08:19 INFO  time: initialize in 0.81s[0m
2023.02.06 16:08:20 WARN  Build server is not auto-connectable.[0m
2023.02.06 16:08:20 WARN  no build tool detected in workspace '/Users/10018920/Learning/notes'. The most common cause for this problem is that the editor was opened in the wrong working directory, for example if you use sbt then the workspace directory should contain build.sbt. [0m
2023.02.06 16:08:20 WARN  no build target for: /Users/10018920/Learning/notes/docs/algorithm/Heap.java[0m
2023.02.06 16:11:46 WARN  no build target for: /Users/10018920/Learning/notes/docs/Interview.md/Heap.java[0m
Feb 07, 2023 5:28:38 PM org.eclipse.lsp4j.jsonrpc.services.GenericEndpoint notify
INFO: Unsupported notification method: $/setTrace
2023.02.08 09:51:13 INFO  shutting down Metals[0m
2023.02.08 11:28:33 INFO  tracing is disabled for protocol LSP, to enable tracing of incoming and outgoing JSON messages create an empty file at /Users/10018920/Learning/notes/.metals/lsp.trace.json or /Users/10018920/Library/Caches/org.scalameta.metals/lsp.trace.json[0m
2023.02.08 11:28:33 INFO  logging to file /Users/10018920/Learning/notes/.metals/metals.log[0m
2023.02.08 11:28:33 INFO  Started: Metals version 0.11.10 in workspace '/Users/10018920/Learning/notes' for client Visual Studio Code 1.75.0.[0m
SLF4J: No SLF4J providers were found.
SLF4J: Defaulting to no-operation (NOP) logger implementation
SLF4J: See https://www.slf4j.org/codes.html#noProviders for further details.
SLF4J: Class path contains SLF4J bindings targeting slf4j-api versions 1.7.x or earlier.
SLF4J: Ignoring binding found at [jar:file:/Users/10018920/Library/Caches/Coursier/v1/https/repo1.maven.org/maven2/com/outr/scribe-slf4j_2.13/3.10.5/scribe-slf4j_2.13-3.10.5.jar!/org/slf4j/impl/StaticLoggerBinder.class]
SLF4J: See https://www.slf4j.org/codes.html#ignoredBindings for an explanation.
2023.02.08 11:28:34 INFO  time: initialize in 0.95s[0m
2023.02.08 11:28:35 WARN  Build server is not auto-connectable.[0m
2023.02.08 11:28:35 WARN  no build tool detected in workspace '/Users/10018920/Learning/notes'. The most common cause for this problem is that the editor was opened in the wrong working directory, for example if you use sbt then the workspace directory should contain build.sbt. [0m
2023.02.08 11:28:35 WARN  no build target for: /Users/10018920/Learning/notes/Main.java[0m
Feb 08, 2023 11:28:36 AM org.eclipse.lsp4j.jsonrpc.RemoteEndpoint handleCancellation
WARNING: Unmatched cancel notification for request id 3
Feb 08, 2023 11:28:36 AM org.eclipse.lsp4j.jsonrpc.RemoteEndpoint handleCancellation
WARNING: Unmatched cancel notification for request id 4
Feb 08, 2023 11:28:36 AM org.eclipse.lsp4j.jsonrpc.RemoteEndpoint handleCancellation
WARNING: Unmatched cancel notification for request id 5
2023.02.08 11:28:36 WARN  no build target for: /Users/10018920/Learning/notes/Main.java[0m
2023.02.08 11:28:37 WARN  Running javac-semanticdb failed for file:///Users/10018920/Learning/notes/Main.java. Output:
/Users/10018920/Learning/notes/Main.java:2: error: <identifier> expected
	main
	    ^
1 error[0m
2023.02.08 11:28:37 WARN  no build target for: /Users/10018920/Learning/notes/Main.java[0m
2023.02.08 11:28:39 WARN  no build target for: /Users/10018920/Learning/notes/Main.java[0m
2023.02.08 11:28:40 WARN  Running javac-semanticdb failed for file:///Users/10018920/Learning/notes/Main.java. Output:
/Users/10018920/Learning/notes/Main.java:3: error: not a statement
		sy
		^
/Users/10018920/Learning/notes/Main.java:3: error: ';' expected
		sy
		  ^
2 errors[0m
2023.02.08 11:28:44 WARN  no build target for: /Users/10018920/Learning/notes/Main.java[0m
2023.02.08 11:28:44 WARN  Running javac-semanticdb failed for file:///Users/10018920/Learning/notes/Main.java. Output:
/Users/10018920/Learning/notes/Main.java:3: error: '{' expected
		synchronized(null)
		                  ^
/Users/10018920/Learning/notes/Main.java:5: error: reached end of file while parsing
}
 ^
2 errors[0m
2023.02.08 11:28:45 WARN  no build target for: /Users/10018920/Learning/notes/Main.java[0m
2023.02.08 11:28:46 WARN  no build target for: /Users/10018920/Learning/notes/Main.java[0m
2023.02.08 11:28:52 WARN  no build target for: /Users/10018920/Learning/notes/Main.java[0m
2023.02.08 11:28:57 WARN  no build target for: /Users/10018920/Learning/notes/Main.java[0m
2023.02.08 11:28:57 WARN  Running javac-semanticdb failed for file:///Users/10018920/Learning/notes/Main.java. Output:
/Users/10018920/Learning/notes/Main.java:3: error: illegal start of expression
		private static 
		^
/Users/10018920/Learning/notes/Main.java:4: error: illegal start of type
		synchronized (null) {
		             ^
/Users/10018920/Learning/notes/Main.java:4: error: illegal start of type
		synchronized (null) {
		              ^
/Users/10018920/Learning/notes/Main.java:8: error: class, interface, enum, or record expected
}
^
4 errors[0m
2023.02.08 11:28:59 WARN  no build target for: /Users/10018920/Learning/notes/Main.java[0m
2023.02.08 11:29:00 WARN  Running javac-semanticdb failed for file:///Users/10018920/Learning/notes/Main.java. Output:
/Users/10018920/Learning/notes/Main.java:3: error: illegal start of expression
		private static Main
		^
/Users/10018920/Learning/notes/Main.java:3: error: <identifier> expected
		private static Main
		                   ^
/Users/10018920/Learning/notes/Main.java:4: error: illegal start of type
		synchronized (null) {
		             ^
/Users/10018920/Learning/notes/Main.java:4: error: illegal start of type
		synchronized (null) {
		              ^
/Users/10018920/Learning/notes/Main.java:8: error: class, interface, enum, or record expected
}
^
5 errors[0m
2023.02.08 11:29:04 WARN  no build target for: /Users/10018920/Learning/notes/Main.java[0m
2023.02.08 11:29:04 WARN  Running javac-semanticdb failed for file:///Users/10018920/Learning/notes/Main.java. Output:
/Users/10018920/Learning/notes/Main.java:3: error: illegal start of expression
		private static Main instance = null;
		^
/Users/10018920/Learning/notes/Main.java:4: error: illegal start of type
		synchronized (null) {
		             ^
/Users/10018920/Learning/notes/Main.java:4: error: illegal start of type
		synchronized (null) {
		              ^
/Users/10018920/Learning/notes/Main.java:8: error: class, interface, enum, or record expected
}
^
4 errors[0m
2023.02.08 11:29:06 WARN  no build target for: /Users/10018920/Learning/notes/Main.java[0m
2023.02.08 11:29:06 WARN  Running javac-semanticdb failed for file:///Users/10018920/Learning/notes/Main.java. Output:
/Users/10018920/Learning/notes/Main.java:3: error: illegal start of expression
		private static Main instance = null;
		^
/Users/10018920/Learning/notes/Main.java:4: error: illegal start of type
		synchronized (instance) {
		             ^
/Users/10018920/Learning/notes/Main.java:4: error: <identifier> expected
		synchronized (instance) {
		                      ^
/Users/10018920/Learning/notes/Main.java:8: error: class, interface, enum, or record expected
}
^
4 errors[0m
2023.02.08 11:29:09 WARN  Running javac-semanticdb failed for file:///Users/10018920/Learning/notes/Main.java. Output:
/Users/10018920/Learning/notes/Main.java:3: error: illegal start of expression
		private static Main instance = null;
		^
/Users/10018920/Learning/notes/Main.java:4: error: illegal start of type
		synchronized (instance) {
		             ^
/Users/10018920/Learning/notes/Main.java:4: error: <identifier> expected
		synchronized (instance) {
		                      ^
/Users/10018920/Learning/notes/Main.java:8: error: class, interface, enum, or record expected
}
^
4 errors[0m
2023.02.08 11:29:09 WARN  no build target for: /Users/10018920/Learning/notes/Main.java[0m
2023.02.08 11:29:23 WARN  no build target for: /Users/10018920/Learning/notes/Main.java[0m
2023.02.08 11:29:23 WARN  Running javac-semanticdb failed for file:///Users/10018920/Learning/notes/Main.java. Output:
/Users/10018920/Learning/notes/Main.java:3: error: illegal start of expression
		private static Main instance = null;
		^
/Users/10018920/Learning/notes/Main.java:5: error: <identifier> expected
		private Main
		            ^
/Users/10018920/Learning/notes/Main.java:6: error: illegal start of type
		synchronized (instance) {
		             ^
/Users/10018920/Learning/notes/Main.java:6: error: <identifier> expected
		synchronized (instance) {
		                      ^
/Users/10018920/Learning/notes/Main.java:10: error: class, interface, enum, or record expected
}
^
5 errors[0m
2023.02.08 11:29:27 WARN  no build target for: /Users/10018920/Learning/notes/Main.java[0m
2023.02.08 11:29:27 WARN  Running javac-semanticdb failed for file:///Users/10018920/Learning/notes/Main.java. Output:
/Users/10018920/Learning/notes/Main.java:3: error: illegal start of expression
		private static Main instance = null;
		^
/Users/10018920/Learning/notes/Main.java:6: error: illegal start of type
		synchronized (instance) {
		             ^
/Users/10018920/Learning/notes/Main.java:6: error: <identifier> expected
		synchronized (instance) {
		                      ^
/Users/10018920/Learning/notes/Main.java:10: error: class, interface, enum, or record expected
}
^
4 errors[0m
2023.02.08 11:29:29 WARN  no build target for: /Users/10018920/Learning/notes/Main.java[0m
2023.02.08 11:29:35 WARN  no build target for: /Users/10018920/Learning/notes/Main.java[0m
2023.02.08 11:29:38 WARN  no build target for: /Users/10018920/Learning/notes/Main.java[0m
2023.02.08 11:29:38 WARN  Running javac-semanticdb failed for file:///Users/10018920/Learning/notes/Main.java. Output:
/Users/10018920/Learning/notes/Main.java:4: error: illegal start of type
	private Main(){}synchronized(instance)
	                            ^
/Users/10018920/Learning/notes/Main.java:4: error: <identifier> expected
	private Main(){}synchronized(instance)
	                                     ^
2 errors[0m
2023.02.08 11:29:42 WARN  no build target for: /Users/10018920/Learning/notes/Main.java[0m
2023.02.08 11:29:44 WARN  no build target for: /Users/10018920/Learning/notes/Main.java[0m
2023.02.08 11:29:48 WARN  no build target for: /Users/10018920/Learning/notes/Main.java[0m
2023.02.08 11:29:50 WARN  no build target for: /Users/10018920/Learning/notes/Main.java[0m
2023.02.08 11:29:51 WARN  no build target for: /Users/10018920/Learning/notes/Main.java[0m
2023.02.08 13:33:33 WARN  no build target for: /Users/10018920/Learning/notes/Main.java[0m
2023.02.08 13:33:35 WARN  no build target for: /Users/10018920/Learning/notes/Main.java[0m
2023.02.08 13:33:35 WARN  no build target for: /Users/10018920/Learning/notes/Main.java[0m
2023.02.08 13:33:44 WARN  no build target for: /Users/10018920/Learning/notes/Main.java[0m
2023.02.08 13:33:46 WARN  no build target for: /Users/10018920/Learning/notes/Main.java[0m
2023.02.08 13:33:47 WARN  no build target for: /Users/10018920/Learning/notes/Main.java[0m
2023.02.08 13:33:53 WARN  no build target for: /Users/10018920/Learning/notes/Main.java[0m
2023.02.08 13:33:58 WARN  no build target for: /Users/10018920/Learning/notes/Main.java[0m
2023.02.08 13:34:01 WARN  no build target for: /Users/10018920/Learning/notes/Main.java[0m
2023.02.08 13:34:03 WARN  no build target for: /Users/10018920/Learning/notes/Main.java[0m
2023.02.08 13:34:09 WARN  no build target for: /Users/10018920/Learning/notes/Main.java[0m
2023.02.10 10:03:08 INFO  shutting down Metals[0m
2023.02.16 10:07:13 INFO  tracing is disabled for protocol LSP, to enable tracing of incoming and outgoing JSON messages create an empty file at /Users/10018920/Learning/notes/.metals/lsp.trace.json or /Users/10018920/Library/Caches/org.scalameta.metals/lsp.trace.json
2023.02.16 10:07:13 INFO  logging to file /Users/10018920/Learning/notes/.metals/metals.log
2023.02.16 10:07:13 INFO  Started: Metals version 0.11.10 in workspace '/Users/10018920/Learning/notes' for client Visual Studio Code 1.75.1.
SLF4J: No SLF4J providers were found.
SLF4J: Defaulting to no-operation (NOP) logger implementation
SLF4J: See https://www.slf4j.org/codes.html#noProviders for further details.
SLF4J: Class path contains SLF4J bindings targeting slf4j-api versions 1.7.x or earlier.
SLF4J: Ignoring binding found at [jar:file:/Users/10018920/Library/Caches/Coursier/v1/https/repo1.maven.org/maven2/com/outr/scribe-slf4j_2.13/3.10.5/scribe-slf4j_2.13-3.10.5.jar!/org/slf4j/impl/StaticLoggerBinder.class]
SLF4J: See https://www.slf4j.org/codes.html#ignoredBindings for an explanation.
2023.02.16 10:07:14 INFO  time: initialize in 0.95s
2023.02.16 10:07:16 WARN  Build server is not auto-connectable.
2023.02.16 10:07:16 WARN  no build tool detected in workspace '/Users/10018920/Learning/notes'. The most common cause for this problem is that the editor was opened in the wrong working directory, for example if you use sbt then the workspace directory should contain build.sbt. 
Feb 16, 2023 10:07:16 AM org.eclipse.lsp4j.jsonrpc.RemoteEndpoint handleCancellation
WARNING: Unmatched cancel notification for request id 1
2023.02.16 10:07:16 WARN  no build target for: /Users/10018920/Learning/notes/F.java
Feb 16, 2023 10:07:16 AM org.eclipse.lsp4j.jsonrpc.RemoteEndpoint handleCancellation
WARNING: Unmatched cancel notification for request id 4
Feb 16, 2023 10:07:16 AM org.eclipse.lsp4j.jsonrpc.RemoteEndpoint handleCancellation
WARNING: Unmatched cancel notification for request id 6
2023.02.16 10:07:18 WARN  no build target for: /Users/10018920/Learning/notes/F.java
2023.02.16 10:07:19 WARN  no build target for: /Users/10018920/Learning/notes/F.java
2023.02.16 10:07:22 WARN  no build target for: /Users/10018920/Learning/notes/F.java
2023.02.16 10:07:23 WARN  no build target for: /Users/10018920/Learning/notes/F.java
2023.02.16 10:07:31 WARN  no build target for: /Users/10018920/Learning/notes/F.java
2023.02.16 10:07:31 WARN  Running javac-semanticdb failed for file:///Users/10018920/Learning/notes/F.java. Output:
/Users/10018920/Learning/notes/F.java:5: error: not a statement
		Supplier 
		^
/Users/10018920/Learning/notes/F.java:5: error: ';' expected
		Supplier 
		        ^
2 errors
2023.02.16 10:07:34 WARN  no build target for: /Users/10018920/Learning/notes/F.java
2023.02.16 10:07:34 WARN  Running javac-semanticdb failed for file:///Users/10018920/Learning/notes/F.java. Output:
/Users/10018920/Learning/notes/F.java:5: error: illegal start of type
		Supplier<>
		         ^
/Users/10018920/Learning/notes/F.java:5: error: not a statement
		Supplier<>
		        ^
/Users/10018920/Learning/notes/F.java:5: error: ';' expected
		Supplier<>
		          ^
3 errors
2023.02.16 10:07:36 WARN  no build target for: /Users/10018920/Learning/notes/F.java
2023.02.16 10:07:36 WARN  Running javac-semanticdb failed for file:///Users/10018920/Learning/notes/F.java. Output:
/Users/10018920/Learning/notes/F.java:5: error: not a statement
		Supplier<Int>
		        ^
/Users/10018920/Learning/notes/F.java:5: error: ';' expected
		Supplier<Int>
		             ^
2 errors
2023.02.16 10:07:39 WARN  no build target for: /Users/10018920/Learning/notes/F.java
2023.02.16 10:07:39 WARN  Running javac-semanticdb failed for file:///Users/10018920/Learning/notes/F.java. Output:
/Users/10018920/Learning/notes/F.java:6: error: illegal start of expression
	}
	^
1 error
2023.02.16 10:07:42 WARN  no build target for: /Users/10018920/Learning/notes/F.java
2023.02.16 10:07:43 WARN  Running javac-semanticdb failed for file:///Users/10018920/Learning/notes/F.java. Output:
/Users/10018920/Learning/notes/F.java:5: error: -> expected
		Supplier<Integer> supplier = ()
		                               ^
/Users/10018920/Learning/notes/F.java:6: error: illegal start of expression
	}
	^
2 errors
2023.02.16 10:07:43 WARN  no build target for: /Users/10018920/Learning/notes/F.java
2023.02.16 10:07:44 WARN  Running javac-semanticdb failed for file:///Users/10018920/Learning/notes/F.java. Output:
/Users/10018920/Learning/notes/F.java:5: error: -> expected
		Supplier<Integer> supplier = ()-
		                               ^
/Users/10018920/Learning/notes/F.java:6: error: illegal start of expression
	}
	^
2 errors
2023.02.16 10:07:45 WARN  no build target for: /Users/10018920/Learning/notes/F.java
2023.02.16 10:07:46 WARN  Running javac-semanticdb failed for file:///Users/10018920/Learning/notes/F.java. Output:
/Users/10018920/Learning/notes/F.java:7: error: ';' expected
		}
		 ^
1 error
2023.02.16 10:07:52 WARN  no build target for: /Users/10018920/Learning/notes/F.java
2023.02.16 10:07:52 WARN  Running javac-semanticdb failed for file:///Users/10018920/Learning/notes/F.java. Output:
/Users/10018920/Learning/notes/F.java:7: error: ';' expected
				throw new RuntimeErrorException(null)
				                                     ^
/Users/10018920/Learning/notes/F.java:8: error: ';' expected
		}
		 ^
2 errors
2023.02.16 10:07:53 WARN  no build target for: /Users/10018920/Learning/notes/F.java
2023.02.16 10:07:53 WARN  Running javac-semanticdb failed for file:///Users/10018920/Learning/notes/F.java. Output:
/Users/10018920/Learning/notes/F.java:7: error: ';' expected
				throw new RuntimeErrorException()
				                                 ^
/Users/10018920/Learning/notes/F.java:8: error: ';' expected
		}
		 ^
2 errors
2023.02.16 10:07:53 WARN  no build target for: /Users/10018920/Learning/notes/F.java
2023.02.16 10:07:53 WARN  Running javac-semanticdb failed for file:///Users/10018920/Learning/notes/F.java. Output:
/Users/10018920/Learning/notes/F.java:8: error: ';' expected
		}
		 ^
1 error
2023.02.16 10:08:02 WARN  no build target for: /Users/10018920/Learning/notes/F.java
2023.02.16 10:08:02 WARN  Running javac-semanticdb failed for file:///Users/10018920/Learning/notes/F.java. Output:
/Users/10018920/Learning/notes/F.java:8: error: ';' expected
		}
		 ^
/Users/10018920/Learning/notes/F.java:12: error: reached end of file while parsing
class 
     ^
2 errors
2023.02.16 10:08:09 WARN  no build target for: /Users/10018920/Learning/notes/F.java
2023.02.16 10:08:09 WARN  Running javac-semanticdb failed for file:///Users/10018920/Learning/notes/F.java. Output:
/Users/10018920/Learning/notes/F.java:8: error: ';' expected
		}
		 ^
/Users/10018920/Learning/notes/F.java:12: error: reached end of file while parsing
class CustomException extends Run
                                 ^
2 errors
2023.02.16 10:08:11 WARN  no build target for: /Users/10018920/Learning/notes/F.java
2023.02.16 10:08:11 WARN  Running javac-semanticdb failed for file:///Users/10018920/Learning/notes/F.java. Output:
/Users/10018920/Learning/notes/F.java:8: error: ';' expected
		}
		 ^
/Users/10018920/Learning/notes/F.java:12: error: reached end of file while parsing
class CustomException extends RuntimeException
                                              ^
2 errors
2023.02.16 10:08:12 WARN  no build target for: /Users/10018920/Learning/notes/F.java
2023.02.16 10:08:13 WARN  Running javac-semanticdb failed for file:///Users/10018920/Learning/notes/F.java. Output:
/Users/10018920/Learning/notes/F.java:8: error: ';' expected
		}
		 ^
1 error
2023.02.16 10:08:19 WARN  no build target for: /Users/10018920/Learning/notes/F.java
2023.02.16 10:08:19 WARN  Running javac-semanticdb failed for file:///Users/10018920/Learning/notes/F.java. Output:
/Users/10018920/Learning/notes/F.java:8: error: ';' expected
		}
		 ^
1 error
2023.02.16 10:08:22 WARN  Running javac-semanticdb failed for file:///Users/10018920/Learning/notes/F.java. Output:
/Users/10018920/Learning/notes/F.java:8: error: ';' expected
		}
		 ^
1 error
2023.02.16 10:08:22 WARN  no build target for: /Users/10018920/Learning/notes/F.java
2023.02.16 10:08:22 WARN  no build target for: /Users/10018920/Learning/notes/F.java
2023.02.16 10:08:25 WARN  no build target for: /Users/10018920/Learning/notes/F.java
2023.02.16 10:08:25 WARN  Running javac-semanticdb failed for file:///Users/10018920/Learning/notes/F.java. Output:
/Users/10018920/Learning/notes/F.java:8: error: ';' expected
		}
		 ^
1 error
2023.02.16 10:08:26 WARN  no build target for: /Users/10018920/Learning/notes/F.java
2023.02.16 10:08:29 WARN  no build target for: /Users/10018920/Learning/notes/F.java
2023.02.16 10:08:30 WARN  Running javac-semanticdb failed for file:///Users/10018920/Learning/notes/F.java. Output:
/Users/10018920/Learning/notes/F.java:9: error: not a statement
		C
		^
/Users/10018920/Learning/notes/F.java:9: error: ';' expected
		C
		 ^
2 errors
2023.02.16 10:08:32 WARN  no build target for: /Users/10018920/Learning/notes/F.java
2023.02.16 10:08:32 WARN  Running javac-semanticdb failed for file:///Users/10018920/Learning/notes/F.java. Output:
/Users/10018920/Learning/notes/F.java:10: error: not a statement
		CompletableFuture
		^
/Users/10018920/Learning/notes/F.java:10: error: ';' expected
		CompletableFuture
		                 ^
2 errors
2023.02.16 10:08:33 WARN  no build target for: /Users/10018920/Learning/notes/F.java
2023.02.16 10:08:34 WARN  Running javac-semanticdb failed for file:///Users/10018920/Learning/notes/F.java. Output:
/Users/10018920/Learning/notes/F.java:10: error: illegal start of type
		CompletableFuture<>
		                  ^
/Users/10018920/Learning/notes/F.java:10: error: not a statement
		CompletableFuture<>
		                 ^
/Users/10018920/Learning/notes/F.java:10: error: ';' expected
		CompletableFuture<>
		                   ^
3 errors
2023.02.16 10:08:37 WARN  no build target for: /Users/10018920/Learning/notes/F.java
2023.02.16 10:08:37 WARN  Running javac-semanticdb failed for file:///Users/10018920/Learning/notes/F.java. Output:
/Users/10018920/Learning/notes/F.java:10: error: not a statement
		CompletableFuture<Integer>
		                 ^
/Users/10018920/Learning/notes/F.java:10: error: ';' expected
		CompletableFuture<Integer>
		                          ^
2 errors
2023.02.16 10:08:40 WARN  no build target for: /Users/10018920/Learning/notes/F.java
2023.02.16 10:08:40 WARN  Running javac-semanticdb failed for file:///Users/10018920/Learning/notes/F.java. Output:
/Users/10018920/Learning/notes/F.java:10: error: ';' expected
		CompletableFuture<Integer> future
		                                 ^
1 error
2023.02.16 10:08:44 WARN  no build target for: /Users/10018920/Learning/notes/F.java
2023.02.16 10:08:45 WARN  Running javac-semanticdb failed for file:///Users/10018920/Learning/notes/F.java. Output:
/Users/10018920/Learning/notes/F.java:10: error: not a statement
		CompletableFuture.su
		                 ^
/Users/10018920/Learning/notes/F.java:10: error: ';' expected
		CompletableFuture.su
		                    ^
2 errors
2023.02.16 10:08:47 WARN  no build target for: /Users/10018920/Learning/notes/F.java
2023.02.16 10:08:50 WARN  no build target for: /Users/10018920/Learning/notes/F.java
2023.02.16 10:08:50 WARN  no build target for: /Users/10018920/Learning/notes/F.java
2023.02.16 10:27:40 WARN  no build target for: /Users/10018920/Learning/notes/F.java
2023.02.16 10:27:43 WARN  no build target for: /Users/10018920/Learning/notes/F.java
2023.02.16 10:27:45 WARN  no build target for: /Users/10018920/Learning/notes/F.java
Feb 16, 2023 10:27:47 AM org.eclipse.lsp4j.jsonrpc.RemoteEndpoint handleCancellation
WARNING: Unmatched cancel notification for request id 303
2023.02.16 10:27:49 WARN  no build target for: /Users/10018920/Learning/notes/F.java
2023.02.16 10:27:57 WARN  no build target for: /Users/10018920/Learning/notes/F.java
2023.02.16 10:27:58 WARN  no build target for: /Users/10018920/Learning/notes/F.java
2023.02.16 10:28:17 WARN  no build target for: /Users/10018920/Learning/notes/F.java
2023.02.16 10:28:17 WARN  Running javac-semanticdb failed for file:///Users/10018920/Learning/notes/F.java. Output:
/Users/10018920/Learning/notes/F.java:9: error: ';' expected
		Runnable R = () -> {
		        ^
1 error
2023.02.16 10:28:18 WARN  no build target for: /Users/10018920/Learning/notes/F.java
2023.02.16 10:28:18 WARN  Running javac-semanticdb failed for file:///Users/10018920/Learning/notes/F.java. Output:
/Users/10018920/Learning/notes/F.java:8: error: ';' expected
		ThreadPoolExecutor ex = Ex
		                          ^
1 error
2023.02.16 10:28:25 WARN  no build target for: /Users/10018920/Learning/notes/F.java
2023.02.16 10:28:26 WARN  Running javac-semanticdb failed for file:///Users/10018920/Learning/notes/F.java. Output:
/Users/10018920/Learning/notes/F.java:10: error: ';' expected
		ThreadPoolExecutor ex = Executor
		                                ^
1 error
2023.02.16 10:28:37 WARN  no build target for: /Users/10018920/Learning/notes/F.java
2023.02.16 10:28:37 WARN  Running javac-semanticdb failed for file:///Users/10018920/Learning/notes/F.java. Output:
/Users/10018920/Learning/notes/F.java:12: error: ';' expected
		Runnable R = () -> {
		        ^
1 error
Feb 16, 2023 10:31:53 AM org.eclipse.lsp4j.jsonrpc.RemoteEndpoint handleCancellation
WARNING: Unmatched cancel notification for request id 435
2023.02.16 10:31:56 WARN  no build target for: /Users/10018920/Learning/notes/F.java
2023.02.16 10:31:56 WARN  Running javac-semanticdb failed for file:///Users/10018920/Learning/notes/F.java. Output:
/Users/10018920/Learning/notes/F.java:11: error: ';' expected
		ThreadPoolExecutor ex =Executors.newFixedThreadPool(10) 
		                                                       ^
1 error
2023.02.16 10:31:58 WARN  no build target for: /Users/10018920/Learning/notes/F.java
Feb 16, 2023 10:32:03 AM org.eclipse.lsp4j.jsonrpc.RemoteEndpoint handleNotification
WARNING: Notification threw an exception: {
  "jsonrpc": "2.0",
  "method": "metals/didFocusTextDocument",
  "params": [
    "jdt://contents/java.base/java.util.concurrent/Executors.class?%3Dnotes_f0d2be6a%2F%5C%2FLibrary%5C%2FJava%5C%2FJavaVirtualMachines%5C%2Ftemurin-17.jdk%5C%2FContents%5C%2FHome%5C%2Flib%5C%2Fjrt-fs.jar%60java.base%3D%2Fjavadoc_location%3D%2Fhttps%3A%5C%2F%5C%2Fdocs.oracle.com%5C%2Fen%5C%2Fjava%5C%2Fjavase%5C%2F17%5C%2Fdocs%5C%2Fapi%5C%2F%3D%2F%3Cjava.util.concurrent%28Executors.class"
  ]
}
java.lang.RuntimeException: java.lang.reflect.InvocationTargetException
	at org.eclipse.lsp4j.jsonrpc.services.GenericEndpoint.lambda$null$0(GenericEndpoint.java:67)
	at org.eclipse.lsp4j.jsonrpc.services.GenericEndpoint.notify(GenericEndpoint.java:152)
	at org.eclipse.lsp4j.jsonrpc.RemoteEndpoint.handleNotification(RemoteEndpoint.java:220)
	at org.eclipse.lsp4j.jsonrpc.RemoteEndpoint.consume(RemoteEndpoint.java:187)
	at org.eclipse.lsp4j.jsonrpc.json.StreamMessageProducer.handleMessage(StreamMessageProducer.java:194)
	at org.eclipse.lsp4j.jsonrpc.json.StreamMessageProducer.listen(StreamMessageProducer.java:94)
	at org.eclipse.lsp4j.jsonrpc.json.ConcurrentMessageProcessor.run(ConcurrentMessageProcessor.java:113)
	at java.base/java.util.concurrent.Executors$RunnableAdapter.call(Executors.java:539)
	at java.base/java.util.concurrent.FutureTask.run(FutureTask.java:264)
	at java.base/java.util.concurrent.ThreadPoolExecutor.runWorker(ThreadPoolExecutor.java:1136)
	at java.base/java.util.concurrent.ThreadPoolExecutor$Worker.run(ThreadPoolExecutor.java:635)
	at java.base/java.lang.Thread.run(Thread.java:833)
Caused by: java.lang.reflect.InvocationTargetException
	at java.base/jdk.internal.reflect.NativeMethodAccessorImpl.invoke0(Native Method)
	at java.base/jdk.internal.reflect.NativeMethodAccessorImpl.invoke(NativeMethodAccessorImpl.java:77)
	at java.base/jdk.internal.reflect.DelegatingMethodAccessorImpl.invoke(DelegatingMethodAccessorImpl.java:43)
	at java.base/java.lang.reflect.Method.invoke(Method.java:568)
	at org.eclipse.lsp4j.jsonrpc.services.GenericEndpoint.lambda$null$0(GenericEndpoint.java:65)
	... 11 more
Caused by: java.nio.file.FileSystemNotFoundException: Provider "jdt" not installed
	at java.base/java.nio.file.Path.of(Path.java:212)
	at java.base/java.nio.file.Paths.get(Paths.java:98)
	at scala.meta.internal.mtags.MtagsEnrichments$XtensionURIMtags.toAbsolutePath(MtagsEnrichments.scala:119)
	at scala.meta.internal.mtags.MtagsEnrichments$XtensionStringMtags.toAbsolutePath(MtagsEnrichments.scala:158)
	at scala.meta.internal.metals.MetalsEnrichments$XtensionString.toAbsolutePath(MetalsEnrichments.scala:609)
	at scala.meta.internal.metals.MetalsEnrichments$XtensionString.toAbsolutePath(MetalsEnrichments.scala:606)
	at scala.meta.internal.metals.MetalsLanguageServer.didFocus(MetalsLanguageServer.scala:1200)
	... 16 more

Feb 16, 2023 10:32:06 AM org.eclipse.lsp4j.jsonrpc.RemoteEndpoint handleNotification
WARNING: Notification threw an exception: {
  "jsonrpc": "2.0",
  "method": "metals/didFocusTextDocument",
  "params": [
    "jdt://contents/java.base/java.util.concurrent/Executors.class?%3Dnotes_f0d2be6a%2F%5C%2FLibrary%5C%2FJava%5C%2FJavaVirtualMachines%5C%2Ftemurin-17.jdk%5C%2FContents%5C%2FHome%5C%2Flib%5C%2Fjrt-fs.jar%60java.base%3D%2Fjavadoc_location%3D%2Fhttps%3A%5C%2F%5C%2Fdocs.oracle.com%5C%2Fen%5C%2Fjava%5C%2Fjavase%5C%2F17%5C%2Fdocs%5C%2Fapi%5C%2F%3D%2F%3Cjava.util.concurrent%28Executors.class"
  ]
}
java.lang.RuntimeException: java.lang.reflect.InvocationTargetException
	at org.eclipse.lsp4j.jsonrpc.services.GenericEndpoint.lambda$null$0(GenericEndpoint.java:67)
	at org.eclipse.lsp4j.jsonrpc.services.GenericEndpoint.notify(GenericEndpoint.java:152)
	at org.eclipse.lsp4j.jsonrpc.RemoteEndpoint.handleNotification(RemoteEndpoint.java:220)
	at org.eclipse.lsp4j.jsonrpc.RemoteEndpoint.consume(RemoteEndpoint.java:187)
	at org.eclipse.lsp4j.jsonrpc.json.StreamMessageProducer.handleMessage(StreamMessageProducer.java:194)
	at org.eclipse.lsp4j.jsonrpc.json.StreamMessageProducer.listen(StreamMessageProducer.java:94)
	at org.eclipse.lsp4j.jsonrpc.json.ConcurrentMessageProcessor.run(ConcurrentMessageProcessor.java:113)
	at java.base/java.util.concurrent.Executors$RunnableAdapter.call(Executors.java:539)
	at java.base/java.util.concurrent.FutureTask.run(FutureTask.java:264)
	at java.base/java.util.concurrent.ThreadPoolExecutor.runWorker(ThreadPoolExecutor.java:1136)
	at java.base/java.util.concurrent.ThreadPoolExecutor$Worker.run(ThreadPoolExecutor.java:635)
	at java.base/java.lang.Thread.run(Thread.java:833)
Caused by: java.lang.reflect.InvocationTargetException
	at java.base/jdk.internal.reflect.NativeMethodAccessorImpl.invoke0(Native Method)
	at java.base/jdk.internal.reflect.NativeMethodAccessorImpl.invoke(NativeMethodAccessorImpl.java:77)
	at java.base/jdk.internal.reflect.DelegatingMethodAccessorImpl.invoke(DelegatingMethodAccessorImpl.java:43)
	at java.base/java.lang.reflect.Method.invoke(Method.java:568)
	at org.eclipse.lsp4j.jsonrpc.services.GenericEndpoint.lambda$null$0(GenericEndpoint.java:65)
	... 11 more
Caused by: java.nio.file.FileSystemNotFoundException: Provider "jdt" not installed
	at java.base/java.nio.file.Path.of(Path.java:212)
	at java.base/java.nio.file.Paths.get(Paths.java:98)
	at scala.meta.internal.mtags.MtagsEnrichments$XtensionURIMtags.toAbsolutePath(MtagsEnrichments.scala:119)
	at scala.meta.internal.mtags.MtagsEnrichments$XtensionStringMtags.toAbsolutePath(MtagsEnrichments.scala:158)
	at scala.meta.internal.metals.MetalsEnrichments$XtensionString.toAbsolutePath(MetalsEnrichments.scala:609)
	at scala.meta.internal.metals.MetalsEnrichments$XtensionString.toAbsolutePath(MetalsEnrichments.scala:606)
	at scala.meta.internal.metals.MetalsLanguageServer.didFocus(MetalsLanguageServer.scala:1200)
	... 16 more

2023.02.16 10:32:13 WARN  no build target for: /Users/10018920/Learning/notes/F.java
2023.02.16 10:32:21 WARN  no build target for: /Users/10018920/Learning/notes/F.java
2023.02.16 10:32:22 WARN  no build target for: /Users/10018920/Learning/notes/F.java
2023.02.16 10:32:25 WARN  no build target for: /Users/10018920/Learning/notes/F.java
2023.02.16 10:32:25 WARN  no build target for: /Users/10018920/Learning/notes/F.java
2023.02.16 10:32:33 WARN  no build target for: /Users/10018920/Learning/notes/F.java
2023.02.16 10:32:34 WARN  Running javac-semanticdb failed for file:///Users/10018920/Learning/notes/F.java. Output:
/Users/10018920/Learning/notes/F.java:16: error: ';' expected
		CompletableFuture.runAsync(R, ex);
		                 ^
1 error
2023.02.16 10:32:45 WARN  no build target for: /Users/10018920/Learning/notes/F.java
2023.02.16 10:32:46 WARN  no build target for: /Users/10018920/Learning/notes/F.java
2023.02.16 10:32:47 WARN  no build target for: /Users/10018920/Learning/notes/F.java
2023.02.16 10:32:52 WARN  no build target for: /Users/10018920/Learning/notes/F.java
2023.02.16 10:32:52 WARN  Running javac-semanticdb failed for file:///Users/10018920/Learning/notes/F.java. Output:
/Users/10018920/Learning/notes/F.java:16: error: > expected
		List<CompletableFuture<Void> cf = new ArrayList<>();
		                             ^
1 error
2023.02.16 10:32:54 WARN  no build target for: /Users/10018920/Learning/notes/F.java
2023.02.16 10:32:57 WARN  no build target for: /Users/10018920/Learning/notes/F.java
2023.02.16 10:33:00 WARN  no build target for: /Users/10018920/Learning/notes/F.java
2023.02.16 10:33:04 WARN  no build target for: /Users/10018920/Learning/notes/F.java
2023.02.16 10:33:04 WARN  Running javac-semanticdb failed for file:///Users/10018920/Learning/notes/F.java. Output:
/Users/10018920/Learning/notes/F.java:18: error: ';' expected
		cfl.add(null)CompletableFuture.runAsync(R, ex);
		             ^
1 error
2023.02.16 10:33:06 WARN  no build target for: /Users/10018920/Learning/notes/F.java
2023.02.16 10:33:07 WARN  no build target for: /Users/10018920/Learning/notes/F.java
2023.02.16 10:33:07 WARN  Running javac-semanticdb failed for file:///Users/10018920/Learning/notes/F.java. Output:
/Users/10018920/Learning/notes/F.java:18: error: ')' expected
		cfl.add(CompletableFuture.runAsync(R, ex);
		                                         ^
1 error
2023.02.16 10:33:08 WARN  no build target for: /Users/10018920/Learning/notes/F.java
2023.02.16 10:33:11 WARN  no build target for: /Users/10018920/Learning/notes/F.java
2023.02.16 10:33:15 WARN  no build target for: /Users/10018920/Learning/notes/F.java
2023.02.16 10:33:15 WARN  Running javac-semanticdb failed for file:///Users/10018920/Learning/notes/F.java. Output:
/Users/10018920/Learning/notes/F.java:20: error: <identifier> expected
		cfl.for
		    ^
/Users/10018920/Learning/notes/F.java:20: error: not a statement
		cfl.for
		   ^
/Users/10018920/Learning/notes/F.java:20: error: '(' expected
		cfl.for
		       ^
/Users/10018920/Learning/notes/F.java:23: error: illegal start of expression
	}
	^
4 errors
2023.02.16 10:33:19 WARN  no build target for: /Users/10018920/Learning/notes/F.java
2023.02.16 10:33:19 WARN  no build target for: /Users/10018920/Learning/notes/F.java
2023.02.16 10:33:27 WARN  no build target for: /Users/10018920/Learning/notes/F.java
2023.02.16 10:33:29 WARN  no build target for: /Users/10018920/Learning/notes/F.java
2023.02.16 10:33:29 WARN  no build target for: /Users/10018920/Learning/notes/F.java
2023.02.16 10:33:30 WARN  no build target for: /Users/10018920/Learning/notes/F.java
2023.02.16 10:33:30 WARN  no build target for: /Users/10018920/Learning/notes/F.java
2023.02.16 10:33:32 WARN  no build target for: /Users/10018920/Learning/notes/F.java
2023.02.16 10:33:38 WARN  no build target for: /Users/10018920/Learning/notes/F.java
2023.02.16 10:33:38 WARN  no build target for: /Users/10018920/Learning/notes/F.java
2023.02.16 10:33:40 WARN  no build target for: /Users/10018920/Learning/notes/F.java
2023.02.16 10:33:42 WARN  no build target for: /Users/10018920/Learning/notes/F.java
2023.02.16 10:33:44 WARN  no build target for: /Users/10018920/Learning/notes/F.java
2023.02.16 10:33:51 WARN  no build target for: /Users/10018920/Learning/notes/F.java
2023.02.16 10:33:55 WARN  no build target for: /Users/10018920/Learning/notes/F.java
2023.02.16 10:34:20 WARN  no build target for: /Users/10018920/Learning/notes/F.java
2023.02.16 10:34:22 WARN  no build target for: /Users/10018920/Learning/notes/F.java
2023.02.16 10:34:24 WARN  no build target for: /Users/10018920/Learning/notes/F.java
2023.02.16 10:34:25 WARN  Running javac-semanticdb failed for file:///Users/10018920/Learning/notes/F.java. Output:
/Users/10018920/Learning/notes/F.java:15: error: ')' expected
		cfl.forEach(CompletableFuture::get());
		                                  ^
1 error
2023.02.16 10:34:25 WARN  no build target for: /Users/10018920/Learning/notes/F.java
Feb 16, 2023 10:34:25 AM org.eclipse.lsp4j.jsonrpc.RemoteEndpoint handleCancellation
WARNING: Unmatched cancel notification for request id 755
2023.02.16 10:34:32 WARN  no build target for: /Users/10018920/Learning/notes/F.java
2023.02.16 10:34:42 WARN  no build target for: /Users/10018920/Learning/notes/F.java
2023.02.16 10:34:47 WARN  no build target for: /Users/10018920/Learning/notes/F.java
2023.02.16 10:34:51 WARN  no build target for: /Users/10018920/Learning/notes/F.java
2023.02.16 10:35:02 WARN  no build target for: /Users/10018920/Learning/notes/F.java
2023.02.16 10:35:14 WARN  no build target for: /Users/10018920/Learning/notes/F.java
2023.02.16 10:35:14 WARN  Running javac-semanticdb failed for file:///Users/10018920/Learning/notes/F.java. Output:
/Users/10018920/Learning/notes/F.java:9: error: '{' expected
		try
		   ^
/Users/10018920/Learning/notes/F.java:9: error: 'try' without 'catch', 'finally' or resource declarations
		try
		^
/Users/10018920/Learning/notes/F.java:19: error: reached end of file while parsing
}
 ^
3 errors
2023.02.16 10:35:16 WARN  no build target for: /Users/10018920/Learning/notes/F.java
2023.02.16 10:35:16 WARN  Running javac-semanticdb failed for file:///Users/10018920/Learning/notes/F.java. Output:
/Users/10018920/Learning/notes/F.java:9: error: 'try' without 'catch', 'finally' or resource declarations
		try{
		^
1 error
2023.02.16 10:35:19 WARN  no build target for: /Users/10018920/Learning/notes/F.java
2023.02.16 10:35:19 WARN  Running javac-semanticdb failed for file:///Users/10018920/Learning/notes/F.java. Output:
/Users/10018920/Learning/notes/F.java:9: error: 'try' without 'catch', 'finally' or resource declarations
		try{
		^
1 error
2023.02.16 10:35:24 WARN  no build target for: /Users/10018920/Learning/notes/F.java
2023.02.16 10:35:26 WARN  no build target for: /Users/10018920/Learning/notes/F.java
2023.02.16 10:35:31 WARN  Running javac-semanticdb failed for file:///Users/10018920/Learning/notes/F.java. Output:
/Users/10018920/Learning/notes/F.java:19: error: ')' expected
			System.out.println(ex.printStackTrace(););
			                                       ^
/Users/10018920/Learning/notes/F.java:19: error: illegal start of expression
			System.out.println(ex.printStackTrace(););
			                                        ^
2 errors
2023.02.16 10:35:31 WARN  no build target for: /Users/10018920/Learning/notes/F.java
2023.02.16 10:35:37 WARN  no build target for: /Users/10018920/Learning/notes/F.java
2023.02.16 10:35:37 WARN  no build target for: /Users/10018920/Learning/notes/F.java
2023.02.16 10:36:40 WARN  no build target for: /Users/10018920/Learning/notes/F.java
2023.02.16 10:36:44 WARN  no build target for: /Users/10018920/Learning/notes/F.java
2023.02.16 10:36:45 WARN  no build target for: /Users/10018920/Learning/notes/F.java
2023.02.16 10:36:45 WARN  no build target for: /Users/10018920/Learning/notes/F.java
2023.02.16 10:36:46 WARN  no build target for: /Users/10018920/Learning/notes/F.java
2023.02.16 10:36:51 WARN  no build target for: /Users/10018920/Learning/notes/F.java
2023.02.16 10:36:54 WARN  no build target for: /Users/10018920/Learning/notes/F.java
2023.02.16 10:36:56 WARN  no build target for: /Users/10018920/Learning/notes/F.java
2023.02.16 10:36:57 WARN  no build target for: /Users/10018920/Learning/notes/F.java
Feb 16, 2023 10:37:00 AM org.eclipse.lsp4j.jsonrpc.RemoteEndpoint handleCancellation
WARNING: Unmatched cancel notification for request id 938
2023.02.16 10:37:00 WARN  no build target for: /Users/10018920/Learning/notes/F.javaFeb 16, 2023 10:37:00 AM org.eclipse.lsp4j.jsonrpc.RemoteEndpoint handleCancellation
WARNING: Unmatched cancel notification for request id 939

2023.02.16 10:37:00 WARN  no build target for: /Users/10018920/Learning/notes/F.java
2023.02.16 10:37:05 WARN  no build target for: /Users/10018920/Learning/notes/F.java
2023.02.16 10:37:07 WARN  no build target for: /Users/10018920/Learning/notes/F.java
2023.02.16 10:37:09 WARN  no build target for: /Users/10018920/Learning/notes/F.java
2023.02.16 15:33:32 INFO  shutting down Metals
2023.02.21 15:46:21 INFO  tracing is disabled for protocol LSP, to enable tracing of incoming and outgoing JSON messages create an empty file at /Users/10018920/Learning/notes/.metals/lsp.trace.json or /Users/10018920/Library/Caches/org.scalameta.metals/lsp.trace.json
2023.02.21 15:46:22 INFO  logging to file /Users/10018920/Learning/notes/.metals/metals.log
2023.02.21 15:46:22 INFO  Started: Metals version 0.11.10 in workspace '/Users/10018920/Learning/notes' for client Visual Studio Code 1.75.1.
SLF4J: No SLF4J providers were found.
SLF4J: Defaulting to no-operation (NOP) logger implementation
SLF4J: See https://www.slf4j.org/codes.html#noProviders for further details.
SLF4J: Class path contains SLF4J bindings targeting slf4j-api versions 1.7.x or earlier.
SLF4J: Ignoring binding found at [jar:file:/Users/10018920/Library/Caches/Coursier/v1/https/repo1.maven.org/maven2/com/outr/scribe-slf4j_2.13/3.10.5/scribe-slf4j_2.13-3.10.5.jar!/org/slf4j/impl/StaticLoggerBinder.class]
SLF4J: See https://www.slf4j.org/codes.html#ignoredBindings for an explanation.
2023.02.21 15:46:23 INFO  time: initialize in 1.15s
2023.02.21 15:46:24 WARN  Build server is not auto-connectable.
2023.02.21 15:46:24 WARN  no build tool detected in workspace '/Users/10018920/Learning/notes'. The most common cause for this problem is that the editor was opened in the wrong working directory, for example if you use sbt then the workspace directory should contain build.sbt. 
2023.02.21 15:46:24 WARN  no build target for: /Users/10018920/Learning/notes/docs/F.java
Feb 21, 2023 3:46:25 PM org.eclipse.lsp4j.jsonrpc.RemoteEndpoint handleCancellation
WARNING: Unmatched cancel notification for request id 2
Feb 21, 2023 3:46:25 PM org.eclipse.lsp4j.jsonrpc.RemoteEndpoint handleCancellation
WARNING: Unmatched cancel notification for request id 4
Feb 21, 2023 3:46:25 PM org.eclipse.lsp4j.jsonrpc.RemoteEndpoint handleCancellation
WARNING: Unmatched cancel notification for request id 3
2023.02.21 15:46:25 WARN  no build target for: /Users/10018920/Learning/notes/docs/F.java
2023.02.21 15:46:25 WARN  no build target for: /Users/10018920/Learning/notes/docs/F.java
Feb 21, 2023 3:46:27 PM org.eclipse.lsp4j.jsonrpc.RemoteEndpoint handleCancellation
WARNING: Unmatched cancel notification for request id 18
2023.02.21 15:46:29 WARN  no build target for: /Users/10018920/Learning/notes/docs/F.java
2023.02.21 15:46:33 WARN  no build target for: /Users/10018920/Learning/notes/docs/F.java
2023.02.21 15:46:33 WARN  Running javac-semanticdb failed for file:///Users/10018920/Learning/notes/docs/F.java. Output:
/Users/10018920/Learning/notes/docs/F.java:6: error: ';' expected
		List<Object> oomList = new ArrayList<>()
		                                        ^
1 error
2023.02.21 15:46:33 WARN  no build target for: /Users/10018920/Learning/notes/docs/F.java
2023.02.21 15:46:36 WARN  no build target for: /Users/10018920/Learning/notes/docs/F.java
2023.02.21 15:46:37 WARN  no build target for: /Users/10018920/Learning/notes/docs/F.java
